mode: set
github.com/duh-rpc/openapi-markdown.go/convert.go:39.75,40.23 1 1
github.com/duh-rpc/openapi-markdown.go/convert.go:40.23,42.3 1 1
github.com/duh-rpc/openapi-markdown.go/convert.go:44.2,44.22 1 1
github.com/duh-rpc/openapi-markdown.go/convert.go:44.22,46.3 1 1
github.com/duh-rpc/openapi-markdown.go/convert.go:48.2,49.16 2 1
github.com/duh-rpc/openapi-markdown.go/convert.go:49.16,51.3 1 1
github.com/duh-rpc/openapi-markdown.go/convert.go:53.2,53.28 1 1
github.com/duh-rpc/openapi-markdown.go/convert.go:53.28,55.3 1 0
github.com/duh-rpc/openapi-markdown.go/convert.go:57.2,57.48 1 1
github.com/duh-rpc/openapi-markdown.go/convert.go:57.48,59.3 1 1
github.com/duh-rpc/openapi-markdown.go/convert.go:61.2,62.16 2 1
github.com/duh-rpc/openapi-markdown.go/convert.go:62.16,64.3 1 1
github.com/duh-rpc/openapi-markdown.go/convert.go:66.2,66.20 1 1
github.com/duh-rpc/openapi-markdown.go/convert.go:66.20,68.3 1 0
github.com/duh-rpc/openapi-markdown.go/convert.go:70.2,80.16 5 1
github.com/duh-rpc/openapi-markdown.go/convert.go:80.16,82.3 1 1
github.com/duh-rpc/openapi-markdown.go/convert.go:84.2,84.20 1 1
github.com/duh-rpc/openapi-markdown.go/convert.go:96.53,99.56 2 1
github.com/duh-rpc/openapi-markdown.go/convert.go:99.56,101.3 1 0
github.com/duh-rpc/openapi-markdown.go/convert.go:103.2,103.93 1 1
github.com/duh-rpc/openapi-markdown.go/convert.go:103.93,107.89 3 1
github.com/duh-rpc/openapi-markdown.go/convert.go:107.89,119.24 4 1
github.com/duh-rpc/openapi-markdown.go/convert.go:119.24,121.5 1 1
github.com/duh-rpc/openapi-markdown.go/convert.go:123.4,123.36 1 1
github.com/duh-rpc/openapi-markdown.go/convert.go:127.2,127.18 1 1
github.com/duh-rpc/openapi-markdown.go/convert.go:130.62,133.30 2 1
github.com/duh-rpc/openapi-markdown.go/convert.go:133.30,134.23 1 1
github.com/duh-rpc/openapi-markdown.go/convert.go:134.23,136.4 1 1
github.com/duh-rpc/openapi-markdown.go/convert.go:136.9,137.31 1 1
github.com/duh-rpc/openapi-markdown.go/convert.go:137.31,139.5 1 1
github.com/duh-rpc/openapi-markdown.go/convert.go:143.2,143.18 1 1
github.com/duh-rpc/openapi-markdown.go/convert.go:146.45,154.2 5 1
github.com/duh-rpc/openapi-markdown.go/convert.go:156.106,163.28 5 1
github.com/duh-rpc/openapi-markdown.go/convert.go:163.28,166.3 2 1
github.com/duh-rpc/openapi-markdown.go/convert.go:168.2,168.24 1 1
github.com/duh-rpc/openapi-markdown.go/convert.go:168.24,173.31 4 1
github.com/duh-rpc/openapi-markdown.go/convert.go:173.31,183.4 9 1
github.com/duh-rpc/openapi-markdown.go/convert.go:185.3,188.30 3 1
github.com/duh-rpc/openapi-markdown.go/convert.go:188.30,190.4 1 1
github.com/duh-rpc/openapi-markdown.go/convert.go:191.3,194.28 3 1
github.com/duh-rpc/openapi-markdown.go/convert.go:194.28,195.29 1 1
github.com/duh-rpc/openapi-markdown.go/convert.go:195.29,197.10 2 1
github.com/duh-rpc/openapi-markdown.go/convert.go:200.3,200.25 1 1
github.com/duh-rpc/openapi-markdown.go/convert.go:200.25,203.4 2 1
github.com/duh-rpc/openapi-markdown.go/convert.go:205.3,205.28 1 1
github.com/duh-rpc/openapi-markdown.go/convert.go:205.28,212.32 5 1
github.com/duh-rpc/openapi-markdown.go/convert.go:212.32,220.58 8 1
github.com/duh-rpc/openapi-markdown.go/convert.go:220.58,223.6 2 1
github.com/duh-rpc/openapi-markdown.go/convert.go:225.5,226.43 2 1
github.com/duh-rpc/openapi-markdown.go/convert.go:231.2,231.25 1 1
github.com/duh-rpc/openapi-markdown.go/convert.go:234.67,235.39 1 1
github.com/duh-rpc/openapi-markdown.go/convert.go:235.39,237.3 1 1
github.com/duh-rpc/openapi-markdown.go/convert.go:239.2,243.38 4 1
github.com/duh-rpc/openapi-markdown.go/convert.go:243.38,244.19 1 1
github.com/duh-rpc/openapi-markdown.go/convert.go:244.19,245.12 1 0
github.com/duh-rpc/openapi-markdown.go/convert.go:247.3,247.19 1 1
github.com/duh-rpc/openapi-markdown.go/convert.go:248.15,249.43 1 1
github.com/duh-rpc/openapi-markdown.go/convert.go:250.16,251.45 1 1
github.com/duh-rpc/openapi-markdown.go/convert.go:252.17,253.47 1 1
github.com/duh-rpc/openapi-markdown.go/convert.go:257.2,259.51 3 1
github.com/duh-rpc/openapi-markdown.go/convert.go:262.90,263.22 1 1
github.com/duh-rpc/openapi-markdown.go/convert.go:263.22,265.3 1 1
github.com/duh-rpc/openapi-markdown.go/convert.go:267.2,273.31 6 1
github.com/duh-rpc/openapi-markdown.go/convert.go:273.31,277.30 3 1
github.com/duh-rpc/openapi-markdown.go/convert.go:277.30,279.4 1 1
github.com/duh-rpc/openapi-markdown.go/convert.go:280.3,282.47 2 1
github.com/duh-rpc/openapi-markdown.go/convert.go:282.47,284.4 1 1
github.com/duh-rpc/openapi-markdown.go/convert.go:284.9,286.4 1 1
github.com/duh-rpc/openapi-markdown.go/convert.go:287.3,289.58 2 1
github.com/duh-rpc/openapi-markdown.go/convert.go:289.58,291.28 2 1
github.com/duh-rpc/openapi-markdown.go/convert.go:291.28,293.5 1 1
github.com/duh-rpc/openapi-markdown.go/convert.go:295.3,295.28 1 1
github.com/duh-rpc/openapi-markdown.go/convert.go:298.2,298.27 1 1
github.com/duh-rpc/openapi-markdown.go/convert.go:301.66,302.67 1 1
github.com/duh-rpc/openapi-markdown.go/convert.go:302.67,304.3 1 1
github.com/duh-rpc/openapi-markdown.go/convert.go:306.2,307.74 2 1
github.com/duh-rpc/openapi-markdown.go/convert.go:307.74,309.3 1 1
github.com/duh-rpc/openapi-markdown.go/convert.go:310.2,312.29 2 1
github.com/duh-rpc/openapi-markdown.go/convert.go:312.29,319.29 5 1
github.com/duh-rpc/openapi-markdown.go/convert.go:319.29,322.4 2 1
github.com/duh-rpc/openapi-markdown.go/convert.go:326.108,332.56 2 1
github.com/duh-rpc/openapi-markdown.go/convert.go:332.56,334.3 1 1
github.com/duh-rpc/openapi-markdown.go/convert.go:336.2,339.29 3 1
github.com/duh-rpc/openapi-markdown.go/convert.go:339.29,341.3 1 1
github.com/duh-rpc/openapi-markdown.go/convert.go:342.2,345.30 3 1
github.com/duh-rpc/openapi-markdown.go/convert.go:345.30,346.23 1 1
github.com/duh-rpc/openapi-markdown.go/convert.go:346.23,348.4 1 1
github.com/duh-rpc/openapi-markdown.go/convert.go:350.3,350.58 1 1
github.com/duh-rpc/openapi-markdown.go/convert.go:350.58,351.49 1 1
github.com/duh-rpc/openapi-markdown.go/convert.go:351.49,352.21 1 1
github.com/duh-rpc/openapi-markdown.go/convert.go:352.21,354.6 1 1
github.com/duh-rpc/openapi-markdown.go/convert.go:358.3,358.95 1 1
github.com/duh-rpc/openapi-markdown.go/convert.go:358.95,359.85 1 1
github.com/duh-rpc/openapi-markdown.go/convert.go:359.85,361.5 1 1
github.com/duh-rpc/openapi-markdown.go/convert.go:365.2,365.14 1 1
